<?xml version="1.0" encoding="UTF-8"?>
<testsuite xmlns:xsi="http://www.w3.org/2001/XMLSchema-instance" xsi:noNamespaceSchemaLocation="https://maven.apache.org/surefire/maven-surefire-plugin/xsd/surefire-test-report.xsd" name="codechallenge.mc.cityexplorer.CityExplorerApplicationTests" time="4.16" tests="2" errors="0" skipped="0" failures="0">
  <properties>
[...]
</properties>
  <testcase name="simpleTest" classname="codechallenge.mc.cityexplorer.CityExplorerApplicationTests" time="0.215"/>
  <testcase name="contextLoads" classname="codechallenge.mc.cityexplorer.CityExplorerApplicationTests" time="0"/>
</testsuite>